0 info it worked if it ends with ok
1 verbose cli [ '/root/.nvm/versions/node/v6.13.1/bin/node',
1 verbose cli   '/root/.nvm/versions/node/v6.13.1/bin/npm',
1 verbose cli   'install',
1 verbose cli   '@types/angular-progress-http',
1 verbose cli   '--save-dev' ]
2 info using npm@3.10.10
3 info using node@v6.13.1
4 silly loadCurrentTree Starting
5 silly install loadCurrentTree
6 silly install readLocalPackageData
7 silly fetchPackageMetaData @types/angular-progress-http
8 silly fetchNamedPackageData @types/angular-progress-http
9 silly mapToRegistry name @types/angular-progress-http
10 silly mapToRegistry scope (from package name) @types
11 verbose mapToRegistry no registry URL found in name for scope @types
12 silly mapToRegistry using default registry
13 silly mapToRegistry registry https://registry.npmjs.org/
14 silly mapToRegistry data Result {
14 silly mapToRegistry   raw: '@types/angular-progress-http',
14 silly mapToRegistry   scope: '@types',
14 silly mapToRegistry   escapedName: '@types%2fangular-progress-http',
14 silly mapToRegistry   name: '@types/angular-progress-http',
14 silly mapToRegistry   rawSpec: '',
14 silly mapToRegistry   spec: 'latest',
14 silly mapToRegistry   type: 'tag' }
15 silly mapToRegistry uri https://registry.npmjs.org/@types%2fangular-progress-http
16 verbose request uri https://registry.npmjs.org/@types%2fangular-progress-http
17 verbose request no auth needed
18 info attempt registry request try #1 at 2:03:53 PM
19 verbose request id ab2d9450cd67ba79
20 http request GET https://registry.npmjs.org/@types%2fangular-progress-http
21 http 404 https://registry.npmjs.org/@types%2fangular-progress-http
22 verbose headers { 'content-type': 'application/json',
22 verbose headers   'cache-control': 'max-age=0',
22 verbose headers   'content-length': '2',
22 verbose headers   'accept-ranges': 'bytes',
22 verbose headers   date: 'Fri, 13 Apr 2018 17:03:54 GMT',
22 verbose headers   via: '1.1 varnish',
22 verbose headers   age: '0',
22 verbose headers   connection: 'keep-alive',
22 verbose headers   'x-served-by': 'cache-gru17135-GRU',
22 verbose headers   'x-cache': 'MISS',
22 verbose headers   'x-cache-hits': '0',
22 verbose headers   'x-timer': 'S1523639034.841707,VS0,VE330',
22 verbose headers   vary: 'Accept-Encoding' }
23 silly get cb [ 404,
23 silly get   { 'content-type': 'application/json',
23 silly get     'cache-control': 'max-age=0',
23 silly get     'content-length': '2',
23 silly get     'accept-ranges': 'bytes',
23 silly get     date: 'Fri, 13 Apr 2018 17:03:54 GMT',
23 silly get     via: '1.1 varnish',
23 silly get     age: '0',
23 silly get     connection: 'keep-alive',
23 silly get     'x-served-by': 'cache-gru17135-GRU',
23 silly get     'x-cache': 'MISS',
23 silly get     'x-cache-hits': '0',
23 silly get     'x-timer': 'S1523639034.841707,VS0,VE330',
23 silly get     vary: 'Accept-Encoding' } ]
24 silly fetchPackageMetaData Error: Registry returned 404 for GET on https://registry.npmjs.org/@types%2fangular-progress-http
24 silly fetchPackageMetaData     at makeError (/root/.nvm/versions/node/v6.13.1/lib/node_modules/npm/node_modules/npm-registry-client/lib/request.js:302:12)
24 silly fetchPackageMetaData     at CachingRegistryClient.<anonymous> (/root/.nvm/versions/node/v6.13.1/lib/node_modules/npm/node_modules/npm-registry-client/lib/request.js:280:14)
24 silly fetchPackageMetaData     at Request._callback (/root/.nvm/versions/node/v6.13.1/lib/node_modules/npm/node_modules/npm-registry-client/lib/request.js:210:14)
24 silly fetchPackageMetaData     at Request.self.callback (/root/.nvm/versions/node/v6.13.1/lib/node_modules/npm/node_modules/request/request.js:187:22)
24 silly fetchPackageMetaData     at emitTwo (events.js:106:13)
24 silly fetchPackageMetaData     at Request.emit (events.js:191:7)
24 silly fetchPackageMetaData     at Request.<anonymous> (/root/.nvm/versions/node/v6.13.1/lib/node_modules/npm/node_modules/request/request.js:1048:10)
24 silly fetchPackageMetaData     at emitOne (events.js:96:13)
24 silly fetchPackageMetaData     at Request.emit (events.js:188:7)
24 silly fetchPackageMetaData     at IncomingMessage.<anonymous> (/root/.nvm/versions/node/v6.13.1/lib/node_modules/npm/node_modules/request/request.js:969:12)
24 silly fetchPackageMetaData  error for @types/angular-progress-http { Error: Registry returned 404 for GET on https://registry.npmjs.org/@types%2fangular-progress-http
24 silly fetchPackageMetaData     at makeError (/root/.nvm/versions/node/v6.13.1/lib/node_modules/npm/node_modules/npm-registry-client/lib/request.js:302:12)
24 silly fetchPackageMetaData     at CachingRegistryClient.<anonymous> (/root/.nvm/versions/node/v6.13.1/lib/node_modules/npm/node_modules/npm-registry-client/lib/request.js:280:14)
24 silly fetchPackageMetaData     at Request._callback (/root/.nvm/versions/node/v6.13.1/lib/node_modules/npm/node_modules/npm-registry-client/lib/request.js:210:14)
24 silly fetchPackageMetaData     at Request.self.callback (/root/.nvm/versions/node/v6.13.1/lib/node_modules/npm/node_modules/request/request.js:187:22)
24 silly fetchPackageMetaData     at emitTwo (events.js:106:13)
24 silly fetchPackageMetaData     at Request.emit (events.js:191:7)
24 silly fetchPackageMetaData     at Request.<anonymous> (/root/.nvm/versions/node/v6.13.1/lib/node_modules/npm/node_modules/request/request.js:1048:10)
24 silly fetchPackageMetaData     at emitOne (events.js:96:13)
24 silly fetchPackageMetaData     at Request.emit (events.js:188:7)
24 silly fetchPackageMetaData     at IncomingMessage.<anonymous> (/root/.nvm/versions/node/v6.13.1/lib/node_modules/npm/node_modules/request/request.js:969:12)
24 silly fetchPackageMetaData   pkgid: '@types/angular-progress-http',
24 silly fetchPackageMetaData   statusCode: 404,
24 silly fetchPackageMetaData   code: 'E404' }
25 silly rollbackFailedOptional Starting
26 silly rollbackFailedOptional Finishing
27 silly runTopLevelLifecycles Finishing
28 silly install printInstalled
29 verbose stack Error: Registry returned 404 for GET on https://registry.npmjs.org/@types%2fangular-progress-http
29 verbose stack     at makeError (/root/.nvm/versions/node/v6.13.1/lib/node_modules/npm/node_modules/npm-registry-client/lib/request.js:302:12)
29 verbose stack     at CachingRegistryClient.<anonymous> (/root/.nvm/versions/node/v6.13.1/lib/node_modules/npm/node_modules/npm-registry-client/lib/request.js:280:14)
29 verbose stack     at Request._callback (/root/.nvm/versions/node/v6.13.1/lib/node_modules/npm/node_modules/npm-registry-client/lib/request.js:210:14)
29 verbose stack     at Request.self.callback (/root/.nvm/versions/node/v6.13.1/lib/node_modules/npm/node_modules/request/request.js:187:22)
29 verbose stack     at emitTwo (events.js:106:13)
29 verbose stack     at Request.emit (events.js:191:7)
29 verbose stack     at Request.<anonymous> (/root/.nvm/versions/node/v6.13.1/lib/node_modules/npm/node_modules/request/request.js:1048:10)
29 verbose stack     at emitOne (events.js:96:13)
29 verbose stack     at Request.emit (events.js:188:7)
29 verbose stack     at IncomingMessage.<anonymous> (/root/.nvm/versions/node/v6.13.1/lib/node_modules/npm/node_modules/request/request.js:969:12)
30 verbose statusCode 404
31 verbose pkgid @types/angular-progress-http
32 verbose cwd /home/diego/Workspace/admincar/web
33 error Linux 4.9.0-6-amd64
34 error argv "/root/.nvm/versions/node/v6.13.1/bin/node" "/root/.nvm/versions/node/v6.13.1/bin/npm" "install" "@types/angular-progress-http" "--save-dev"
35 error node v6.13.1
36 error npm  v3.10.10
37 error code E404
38 error 404 Registry returned 404 for GET on https://registry.npmjs.org/@types%2fangular-progress-http
39 error 404
40 error 404 '@types/angular-progress-http' is not in the npm registry.
41 error 404 You should bug the author to publish it (or use the name yourself!)
42 error 404 Note that you can also install from a
43 error 404 tarball, folder, http url, or git url.
44 verbose exit [ 1, true ]
